<?xml version="1.0" encoding="UTF-8"?>
<!-- Generated by org.testng.reporters.JUnitXMLReporter -->
<testsuite ignored="0" hostname="User-PC" failures="0" tests="10" name="Group of Message List Page" time="42.64" errors="0" timestamp="2022-02-20T12:32:09 MSK">
  <testcase classname="test.java.ua.ukrnet.test.MsgListPageTests" name="cancelTheLetter" time="10.81"/>
  <testcase classname="test.java.ua.ukrnet.test.MsgListPageTests" name="checkComponents" time="0.783"/>
  <testcase classname="test.java.ua.ukrnet.test.MsgListPageTests" name="checkRightSideComponents" time="0.696"/>
  <testcase classname="test.java.ua.ukrnet.test.MsgListPageTests" name="checkURL" time="0.026"/>
  <testcase classname="test.java.ua.ukrnet.test.MsgListPageTests" name="getAlertSendTheLetterWithoutRecipient" time="5.862"/>
  <testcase classname="test.java.ua.ukrnet.test.MsgListPageTests" name="isDisabledHeaderOptionsByDefault" time="2.368"/>
  <testcase classname="test.java.ua.ukrnet.test.MsgListPageTests" name="isEnabledHeaderOptions" time="3.967"/>
  <testcase classname="test.java.ua.ukrnet.test.MsgListPageTests" name="sendLetterWithoutRecipient" time="1.963"/>
  <testcase classname="test.java.ua.ukrnet.test.MsgListPageTests" name="sendTheLetterAndVerify" time="3.014"/>
  <testcase classname="test.java.ua.ukrnet.test.MsgListPageTests" name="sendLetterWithoutSubject" time="1.17"/>
</testsuite> <!-- Group of Message List Page -->
